<?xml version="1.0" encoding="UTF-8"?>
<testng-results skipped="0" failed="0" total="1" passed="1">
  <reporter-output>
  </reporter-output>
  <suite name="Default suite" duration-ms="425" started-at="2016-08-03T01:07:07Z" finished-at="2016-08-03T01:07:07Z">
    <groups>
    </groups>
    <test name="Default test" duration-ms="425" started-at="2016-08-03T01:07:07Z" finished-at="2016-08-03T01:07:07Z">
      <class name="mq.amazon_frontend.login.Test">
        <test-method status="PASS" signature="myTest()[pri:0, instance:mq.amazon_frontend.login.Test@48140564]" name="myTest" duration-ms="410" started-at="2016-08-02T21:07:07Z" finished-at="2016-08-02T21:07:07Z">
          <reporter-output>
          </reporter-output>
        </test-method> <!-- myTest -->
      </class> <!-- mq.amazon_frontend.login.Test -->
    </test> <!-- Default test -->
  </suite> <!-- Default suite -->
</testng-results>
